{"C:\\Users\\giosue\\Desktop\\POLITO\\SE2\\DemoProject\\server\\app.js": {"path":"C:\\Users\\giosue\\Desktop\\POLITO\\SE2\\DemoProject\\server\\app.js","statementMap":{"0":{"start":{"line":1,"column":1},"end":{"line":1,"column":39}},"1":{"start":{"line":2,"column":14},"end":{"line":2,"column":32}},"2":{"start":{"line":3,"column":11},"end":{"line":3,"column":26}},"3":{"start":{"line":4,"column":19},"end":{"line":4,"column":43}},"4":{"start":{"line":5,"column":17},"end":{"line":5,"column":39}},"5":{"start":{"line":6,"column":9},"end":{"line":6,"column":34}},"6":{"start":{"line":7,"column":12},"end":{"line":7,"column":42}},"7":{"start":{"line":8,"column":22},"end":{"line":8,"column":35}},"8":{"start":{"line":11,"column":10},"end":{"line":11,"column":19}},"9":{"start":{"line":13,"column":0},"end":{"line":13,"column":44}},"10":{"start":{"line":14,"column":0},"end":{"line":14,"column":91}},"11":{"start":{"line":15,"column":0},"end":{"line":19,"column":3}},"12":{"start":{"line":16,"column":4},"end":{"line":16,"column":51}},"13":{"start":{"line":17,"column":4},"end":{"line":17,"column":97}},"14":{"start":{"line":18,"column":4},"end":{"line":18,"column":11}},"15":{"start":{"line":20,"column":0},"end":{"line":20,"column":25}},"16":{"start":{"line":22,"column":0},"end":{"line":22,"column":41}},"17":{"start":{"line":29,"column":0},"end":{"line":32,"column":3}},"18":{"start":{"line":30,"column":4},"end":{"line":30,"column":76}},"19":{"start":{"line":33,"column":0},"end":{"line":33,"column":21}}},"fnMap":{"0":{"name":"(anonymous_0)","decl":{"start":{"line":15,"column":8},"end":{"line":15,"column":9}},"loc":{"start":{"line":15,"column":34},"end":{"line":19,"column":1}},"line":15},"1":{"name":"(anonymous_1)","decl":{"start":{"line":29,"column":33},"end":{"line":29,"column":34}},"loc":{"start":{"line":29,"column":48},"end":{"line":32,"column":1}},"line":29}},"branchMap":{},"s":{"0":1,"1":1,"2":1,"3":1,"4":1,"5":1,"6":1,"7":1,"8":1,"9":1,"10":1,"11":1,"12":18,"13":18,"14":18,"15":1,"16":1,"17":1,"18":0,"19":1},"f":{"0":18,"1":0},"b":{},"_coverageSchema":"1a1c01bbd47fc00a2c39e90264f33305004495a9","hash":"4976928d4d607b357385ab2dc3772453d4948dcb"}
,"C:\\Users\\giosue\\Desktop\\POLITO\\SE2\\DemoProject\\server\\controllers\\bookings.js": {"path":"C:\\Users\\giosue\\Desktop\\POLITO\\SE2\\DemoProject\\server\\controllers\\bookings.js","statementMap":{"0":{"start":{"line":1,"column":14},"end":{"line":1,"column":32}},"1":{"start":{"line":2,"column":13},"end":{"line":2,"column":29}},"2":{"start":{"line":3,"column":13},"end":{"line":3,"column":35}},"3":{"start":{"line":4,"column":9},"end":{"line":4,"column":35}},"4":{"start":{"line":5,"column":11},"end":{"line":5,"column":26}},"5":{"start":{"line":6,"column":18},"end":{"line":6,"column":45}},"6":{"start":{"line":15,"column":0},"end":{"line":142,"column":1}},"7":{"start":{"line":18,"column":4},"end":{"line":21,"column":7}},"8":{"start":{"line":24,"column":27},"end":{"line":31,"column":6}},"9":{"start":{"line":73,"column":4},"end":{"line":139,"column":6}},"10":{"start":{"line":76,"column":20},"end":{"line":76,"column":34}},"11":{"start":{"line":79,"column":8},"end":{"line":137,"column":10}},"12":{"start":{"line":86,"column":30},"end":{"line":92,"column":13}},"13":{"start":{"line":95,"column":20},"end":{"line":130,"column":21}},"14":{"start":{"line":96,"column":24},"end":{"line":125,"column":26}},"15":{"start":{"line":108,"column":28},"end":{"line":108,"column":51}},"16":{"start":{"line":109,"column":28},"end":{"line":109,"column":202}},"17":{"start":{"line":111,"column":28},"end":{"line":111,"column":39}},"18":{"start":{"line":113,"column":28},"end":{"line":119,"column":30}},"19":{"start":{"line":114,"column":32},"end":{"line":118,"column":33}},"20":{"start":{"line":115,"column":36},"end":{"line":115,"column":55}},"21":{"start":{"line":117,"column":36},"end":{"line":117,"column":80}},"22":{"start":{"line":123,"column":28},"end":{"line":123,"column":45}},"23":{"start":{"line":124,"column":28},"end":{"line":124,"column":50}},"24":{"start":{"line":128,"column":24},"end":{"line":128,"column":85}},"25":{"start":{"line":129,"column":24},"end":{"line":129,"column":46}},"26":{"start":{"line":135,"column":12},"end":{"line":135,"column":28}},"27":{"start":{"line":136,"column":12},"end":{"line":136,"column":22}},"28":{"start":{"line":141,"column":4},"end":{"line":141,"column":18}}},"fnMap":{"0":{"name":"(anonymous_0)","decl":{"start":{"line":15,"column":17},"end":{"line":15,"column":18}},"loc":{"start":{"line":15,"column":29},"end":{"line":142,"column":1}},"line":15},"1":{"name":"(anonymous_1)","decl":{"start":{"line":73,"column":59},"end":{"line":73,"column":60}},"loc":{"start":{"line":73,"column":79},"end":{"line":139,"column":5}},"line":73},"2":{"name":"(anonymous_2)","decl":{"start":{"line":85,"column":14},"end":{"line":85,"column":15}},"loc":{"start":{"line":85,"column":20},"end":{"line":133,"column":9}},"line":85},"3":{"name":"(anonymous_3)","decl":{"start":{"line":105,"column":30},"end":{"line":105,"column":31}},"loc":{"start":{"line":105,"column":43},"end":{"line":121,"column":25}},"line":105},"4":{"name":"(anonymous_4)","decl":{"start":{"line":113,"column":62},"end":{"line":113,"column":63}},"loc":{"start":{"line":113,"column":85},"end":{"line":119,"column":29}},"line":113},"5":{"name":"(anonymous_5)","decl":{"start":{"line":122,"column":31},"end":{"line":122,"column":32}},"loc":{"start":{"line":122,"column":40},"end":{"line":125,"column":25}},"line":122},"6":{"name":"(anonymous_6)","decl":{"start":{"line":134,"column":15},"end":{"line":134,"column":16}},"loc":{"start":{"line":134,"column":24},"end":{"line":137,"column":9}},"line":134}},"branchMap":{"0":{"loc":{"start":{"line":95,"column":20},"end":{"line":130,"column":21}},"type":"if","locations":[{"start":{"line":95,"column":20},"end":{"line":130,"column":21}},{"start":{"line":95,"column":20},"end":{"line":130,"column":21}}],"line":95},"1":{"loc":{"start":{"line":95,"column":24},"end":{"line":95,"column":56}},"type":"binary-expr","locations":[{"start":{"line":95,"column":24},"end":{"line":95,"column":34}},{"start":{"line":95,"column":38},"end":{"line":95,"column":56}}],"line":95},"2":{"loc":{"start":{"line":114,"column":32},"end":{"line":118,"column":33}},"type":"if","locations":[{"start":{"line":114,"column":32},"end":{"line":118,"column":33}},{"start":{"line":114,"column":32},"end":{"line":118,"column":33}}],"line":114}},"s":{"0":1,"1":1,"2":1,"3":1,"4":1,"5":1,"6":1,"7":1,"8":1,"9":1,"10":0,"11":0,"12":0,"13":0,"14":0,"15":0,"16":0,"17":0,"18":0,"19":0,"20":0,"21":0,"22":0,"23":0,"24":0,"25":0,"26":0,"27":0,"28":1},"f":{"0":1,"1":0,"2":0,"3":0,"4":0,"5":0,"6":0},"b":{"0":[0,0],"1":[0,0],"2":[0,0]},"_coverageSchema":"1a1c01bbd47fc00a2c39e90264f33305004495a9","hash":"f496d8d99a89d2115b11c4d8b8ebce8edafeb8bb"}
,"C:\\Users\\giosue\\Desktop\\POLITO\\SE2\\DemoProject\\server\\controllers\\index.js": {"path":"C:\\Users\\giosue\\Desktop\\POLITO\\SE2\\DemoProject\\server\\controllers\\index.js","statementMap":{"0":{"start":{"line":1,"column":15},"end":{"line":1,"column":33}},"1":{"start":{"line":2,"column":13},"end":{"line":2,"column":29}},"2":{"start":{"line":3,"column":9},"end":{"line":3,"column":41}},"3":{"start":{"line":4,"column":9},"end":{"line":4,"column":35}},"4":{"start":{"line":7,"column":18},"end":{"line":7,"column":84}},"5":{"start":{"line":8,"column":12},"end":{"line":8,"column":34}},"6":{"start":{"line":9,"column":21},"end":{"line":9,"column":44}},"7":{"start":{"line":10,"column":21},"end":{"line":10,"column":45}},"8":{"start":{"line":11,"column":15},"end":{"line":11,"column":32}},"9":{"start":{"line":12,"column":19},"end":{"line":12,"column":22}},"10":{"start":{"line":14,"column":37},"end":{"line":14,"column":81}},"11":{"start":{"line":16,"column":0},"end":{"line":101,"column":1}},"12":{"start":{"line":19,"column":20},"end":{"line":19,"column":52}},"13":{"start":{"line":22,"column":19},"end":{"line":22,"column":37}},"14":{"start":{"line":25,"column":4},"end":{"line":25,"column":31}},"15":{"start":{"line":28,"column":27},"end":{"line":37,"column":5}},"16":{"start":{"line":30,"column":8},"end":{"line":30,"column":44}},"17":{"start":{"line":31,"column":20},"end":{"line":31,"column":56}},"18":{"start":{"line":33,"column":8},"end":{"line":33,"column":26}},"19":{"start":{"line":35,"column":8},"end":{"line":35,"column":21}},"20":{"start":{"line":39,"column":4},"end":{"line":75,"column":6}},"21":{"start":{"line":41,"column":22},"end":{"line":41,"column":36}},"22":{"start":{"line":42,"column":25},"end":{"line":42,"column":42}},"23":{"start":{"line":44,"column":8},"end":{"line":73,"column":10}},"24":{"start":{"line":51,"column":12},"end":{"line":68,"column":13}},"25":{"start":{"line":52,"column":16},"end":{"line":52,"column":38}},"26":{"start":{"line":56,"column":16},"end":{"line":67,"column":17}},"27":{"start":{"line":58,"column":20},"end":{"line":58,"column":42}},"28":{"start":{"line":63,"column":34},"end":{"line":63,"column":148}},"29":{"start":{"line":64,"column":20},"end":{"line":64,"column":108}},"30":{"start":{"line":65,"column":20},"end":{"line":65,"column":147}},"31":{"start":{"line":71,"column":12},"end":{"line":71,"column":29}},"32":{"start":{"line":72,"column":12},"end":{"line":72,"column":34}},"33":{"start":{"line":77,"column":4},"end":{"line":77,"column":31}},"34":{"start":{"line":88,"column":4},"end":{"line":88,"column":54}},"35":{"start":{"line":89,"column":4},"end":{"line":89,"column":60}},"36":{"start":{"line":90,"column":4},"end":{"line":90,"column":72}},"37":{"start":{"line":91,"column":4},"end":{"line":91,"column":60}},"38":{"start":{"line":92,"column":4},"end":{"line":92,"column":60}},"39":{"start":{"line":93,"column":4},"end":{"line":93,"column":60}},"40":{"start":{"line":94,"column":4},"end":{"line":94,"column":60}},"41":{"start":{"line":100,"column":4},"end":{"line":100,"column":18}}},"fnMap":{"0":{"name":"(anonymous_0)","decl":{"start":{"line":16,"column":17},"end":{"line":16,"column":18}},"loc":{"start":{"line":16,"column":32},"end":{"line":101,"column":1}},"line":16},"1":{"name":"(anonymous_1)","decl":{"start":{"line":28,"column":27},"end":{"line":28,"column":28}},"loc":{"start":{"line":28,"column":54},"end":{"line":37,"column":5}},"line":28},"2":{"name":"(anonymous_2)","decl":{"start":{"line":39,"column":30},"end":{"line":39,"column":31}},"loc":{"start":{"line":39,"column":47},"end":{"line":75,"column":5}},"line":39},"3":{"name":"(anonymous_3)","decl":{"start":{"line":50,"column":16},"end":{"line":50,"column":17}},"loc":{"start":{"line":50,"column":26},"end":{"line":69,"column":9}},"line":50},"4":{"name":"(anonymous_4)","decl":{"start":{"line":70,"column":15},"end":{"line":70,"column":16}},"loc":{"start":{"line":70,"column":22},"end":{"line":73,"column":9}},"line":70}},"branchMap":{"0":{"loc":{"start":{"line":51,"column":12},"end":{"line":68,"column":13}},"type":"if","locations":[{"start":{"line":51,"column":12},"end":{"line":68,"column":13}},{"start":{"line":51,"column":12},"end":{"line":68,"column":13}}],"line":51},"1":{"loc":{"start":{"line":56,"column":16},"end":{"line":67,"column":17}},"type":"if","locations":[{"start":{"line":56,"column":16},"end":{"line":67,"column":17}},{"start":{"line":56,"column":16},"end":{"line":67,"column":17}}],"line":56}},"s":{"0":1,"1":1,"2":1,"3":1,"4":1,"5":1,"6":1,"7":1,"8":1,"9":1,"10":1,"11":1,"12":1,"13":1,"14":1,"15":1,"16":0,"17":0,"18":0,"19":0,"20":1,"21":0,"22":0,"23":0,"24":0,"25":0,"26":0,"27":0,"28":0,"29":0,"30":0,"31":0,"32":0,"33":1,"34":1,"35":1,"36":1,"37":1,"38":1,"39":1,"40":1,"41":1},"f":{"0":1,"1":0,"2":0,"3":0,"4":0},"b":{"0":[0,0],"1":[0,0]},"_coverageSchema":"1a1c01bbd47fc00a2c39e90264f33305004495a9","hash":"daf5626fd0a9a74c961289a43557cc7f2a996645"}
,"C:\\Users\\giosue\\Desktop\\POLITO\\SE2\\DemoProject\\server\\controllers\\lectures.js": {"path":"C:\\Users\\giosue\\Desktop\\POLITO\\SE2\\DemoProject\\server\\controllers\\lectures.js","statementMap":{"0":{"start":{"line":1,"column":14},"end":{"line":1,"column":32}},"1":{"start":{"line":2,"column":13},"end":{"line":2,"column":29}},"2":{"start":{"line":3,"column":13},"end":{"line":3,"column":35}},"3":{"start":{"line":4,"column":9},"end":{"line":4,"column":35}},"4":{"start":{"line":5,"column":13},"end":{"line":5,"column":30}},"5":{"start":{"line":6,"column":11},"end":{"line":6,"column":26}},"6":{"start":{"line":17,"column":0},"end":{"line":74,"column":1}},"7":{"start":{"line":20,"column":4},"end":{"line":23,"column":7}},"8":{"start":{"line":26,"column":27},"end":{"line":41,"column":6}},"9":{"start":{"line":44,"column":4},"end":{"line":71,"column":6}},"10":{"start":{"line":47,"column":8},"end":{"line":69,"column":9}},"11":{"start":{"line":48,"column":12},"end":{"line":64,"column":14}},"12":{"start":{"line":59,"column":16},"end":{"line":59,"column":35}},"13":{"start":{"line":62,"column":16},"end":{"line":62,"column":33}},"14":{"start":{"line":63,"column":16},"end":{"line":63,"column":38}},"15":{"start":{"line":67,"column":12},"end":{"line":67,"column":73}},"16":{"start":{"line":68,"column":12},"end":{"line":68,"column":34}},"17":{"start":{"line":73,"column":4},"end":{"line":73,"column":18}}},"fnMap":{"0":{"name":"(anonymous_0)","decl":{"start":{"line":17,"column":17},"end":{"line":17,"column":18}},"loc":{"start":{"line":17,"column":29},"end":{"line":74,"column":1}},"line":17},"1":{"name":"(anonymous_1)","decl":{"start":{"line":44,"column":34},"end":{"line":44,"column":35}},"loc":{"start":{"line":44,"column":54},"end":{"line":71,"column":5}},"line":44},"2":{"name":"(anonymous_2)","decl":{"start":{"line":57,"column":18},"end":{"line":57,"column":19}},"loc":{"start":{"line":57,"column":32},"end":{"line":60,"column":13}},"line":57},"3":{"name":"(anonymous_3)","decl":{"start":{"line":61,"column":19},"end":{"line":61,"column":20}},"loc":{"start":{"line":61,"column":28},"end":{"line":64,"column":13}},"line":61}},"branchMap":{"0":{"loc":{"start":{"line":47,"column":8},"end":{"line":69,"column":9}},"type":"if","locations":[{"start":{"line":47,"column":8},"end":{"line":69,"column":9}},{"start":{"line":47,"column":8},"end":{"line":69,"column":9}}],"line":47},"1":{"loc":{"start":{"line":47,"column":12},"end":{"line":47,"column":44}},"type":"binary-expr","locations":[{"start":{"line":47,"column":12},"end":{"line":47,"column":22}},{"start":{"line":47,"column":26},"end":{"line":47,"column":44}}],"line":47}},"s":{"0":1,"1":1,"2":1,"3":1,"4":1,"5":1,"6":1,"7":1,"8":1,"9":1,"10":0,"11":0,"12":0,"13":0,"14":0,"15":0,"16":0,"17":1},"f":{"0":1,"1":0,"2":0,"3":0},"b":{"0":[0,0],"1":[0,0]},"_coverageSchema":"1a1c01bbd47fc00a2c39e90264f33305004495a9","hash":"dd5078201e866935d17a1afc84594a6265632bd4"}
,"C:\\Users\\giosue\\Desktop\\POLITO\\SE2\\DemoProject\\server\\controllers\\students.js": {"path":"C:\\Users\\giosue\\Desktop\\POLITO\\SE2\\DemoProject\\server\\controllers\\students.js","statementMap":{"0":{"start":{"line":1,"column":14},"end":{"line":1,"column":32}},"1":{"start":{"line":2,"column":13},"end":{"line":2,"column":29}},"2":{"start":{"line":3,"column":13},"end":{"line":3,"column":35}},"3":{"start":{"line":4,"column":9},"end":{"line":4,"column":35}},"4":{"start":{"line":5,"column":11},"end":{"line":5,"column":26}},"5":{"start":{"line":16,"column":0},"end":{"line":41,"column":1}},"6":{"start":{"line":19,"column":4},"end":{"line":22,"column":7}},"7":{"start":{"line":25,"column":26},"end":{"line":38,"column":6}},"8":{"start":{"line":40,"column":4},"end":{"line":40,"column":18}}},"fnMap":{"0":{"name":"(anonymous_0)","decl":{"start":{"line":16,"column":17},"end":{"line":16,"column":18}},"loc":{"start":{"line":16,"column":29},"end":{"line":41,"column":1}},"line":16}},"branchMap":{},"s":{"0":1,"1":1,"2":1,"3":1,"4":1,"5":1,"6":1,"7":1,"8":1},"f":{"0":1},"b":{},"_coverageSchema":"1a1c01bbd47fc00a2c39e90264f33305004495a9","hash":"2e9d6286c1ece124b6fdaa438fb6ab48304420f7"}
,"C:\\Users\\giosue\\Desktop\\POLITO\\SE2\\DemoProject\\server\\controllers\\subjects.js": {"path":"C:\\Users\\giosue\\Desktop\\POLITO\\SE2\\DemoProject\\server\\controllers\\subjects.js","statementMap":{"0":{"start":{"line":1,"column":14},"end":{"line":1,"column":32}},"1":{"start":{"line":2,"column":13},"end":{"line":2,"column":29}},"2":{"start":{"line":3,"column":13},"end":{"line":3,"column":35}},"3":{"start":{"line":4,"column":9},"end":{"line":4,"column":35}},"4":{"start":{"line":5,"column":13},"end":{"line":5,"column":30}},"5":{"start":{"line":6,"column":11},"end":{"line":6,"column":26}},"6":{"start":{"line":17,"column":0},"end":{"line":35,"column":1}},"7":{"start":{"line":20,"column":4},"end":{"line":23,"column":7}},"8":{"start":{"line":26,"column":27},"end":{"line":32,"column":6}},"9":{"start":{"line":34,"column":4},"end":{"line":34,"column":18}}},"fnMap":{"0":{"name":"(anonymous_0)","decl":{"start":{"line":17,"column":17},"end":{"line":17,"column":18}},"loc":{"start":{"line":17,"column":29},"end":{"line":35,"column":1}},"line":17}},"branchMap":{},"s":{"0":1,"1":1,"2":1,"3":1,"4":1,"5":1,"6":1,"7":1,"8":1,"9":1},"f":{"0":1},"b":{},"_coverageSchema":"1a1c01bbd47fc00a2c39e90264f33305004495a9","hash":"3dfc5ea3906272d27d389a9264d5044268774ad5"}
,"C:\\Users\\giosue\\Desktop\\POLITO\\SE2\\DemoProject\\server\\controllers\\teachers.js": {"path":"C:\\Users\\giosue\\Desktop\\POLITO\\SE2\\DemoProject\\server\\controllers\\teachers.js","statementMap":{"0":{"start":{"line":1,"column":14},"end":{"line":1,"column":32}},"1":{"start":{"line":2,"column":13},"end":{"line":2,"column":29}},"2":{"start":{"line":3,"column":13},"end":{"line":3,"column":35}},"3":{"start":{"line":4,"column":9},"end":{"line":4,"column":35}},"4":{"start":{"line":5,"column":13},"end":{"line":5,"column":30}},"5":{"start":{"line":6,"column":11},"end":{"line":6,"column":26}},"6":{"start":{"line":7,"column":11},"end":{"line":7,"column":26}},"7":{"start":{"line":8,"column":18},"end":{"line":8,"column":45}},"8":{"start":{"line":22,"column":12},"end":{"line":51,"column":2}},"9":{"start":{"line":24,"column":4},"end":{"line":50,"column":6}},"10":{"start":{"line":29,"column":8},"end":{"line":44,"column":10}},"11":{"start":{"line":30,"column":30},"end":{"line":34,"column":13}},"12":{"start":{"line":36,"column":12},"end":{"line":36,"column":59}},"13":{"start":{"line":39,"column":12},"end":{"line":43,"column":14}},"14":{"start":{"line":40,"column":16},"end":{"line":42,"column":17}},"15":{"start":{"line":41,"column":20},"end":{"line":41,"column":39}},"16":{"start":{"line":45,"column":8},"end":{"line":45,"column":75}},"17":{"start":{"line":48,"column":8},"end":{"line":49,"column":29}},"18":{"start":{"line":49,"column":12},"end":{"line":49,"column":29}},"19":{"start":{"line":52,"column":0},"end":{"line":52,"column":12}},"20":{"start":{"line":54,"column":0},"end":{"line":106,"column":1}},"21":{"start":{"line":57,"column":4},"end":{"line":82,"column":6}},"22":{"start":{"line":58,"column":8},"end":{"line":81,"column":9}},"23":{"start":{"line":59,"column":12},"end":{"line":76,"column":18}},"24":{"start":{"line":69,"column":20},"end":{"line":69,"column":94}},"25":{"start":{"line":70,"column":20},"end":{"line":70,"column":52}},"26":{"start":{"line":71,"column":20},"end":{"line":71,"column":38}},"27":{"start":{"line":74,"column":20},"end":{"line":74,"column":37}},"28":{"start":{"line":75,"column":20},"end":{"line":75,"column":42}},"29":{"start":{"line":79,"column":12},"end":{"line":79,"column":82}},"30":{"start":{"line":80,"column":12},"end":{"line":80,"column":34}},"31":{"start":{"line":84,"column":4},"end":{"line":87,"column":7}},"32":{"start":{"line":90,"column":26},"end":{"line":103,"column":6}},"33":{"start":{"line":105,"column":4},"end":{"line":105,"column":18}}},"fnMap":{"0":{"name":"(anonymous_0)","decl":{"start":{"line":22,"column":44},"end":{"line":22,"column":45}},"loc":{"start":{"line":22,"column":56},"end":{"line":51,"column":1}},"line":22},"1":{"name":"(anonymous_1)","decl":{"start":{"line":28,"column":10},"end":{"line":28,"column":11}},"loc":{"start":{"line":28,"column":22},"end":{"line":46,"column":5}},"line":28},"2":{"name":"(anonymous_2)","decl":{"start":{"line":29,"column":25},"end":{"line":29,"column":26}},"loc":{"start":{"line":29,"column":36},"end":{"line":44,"column":9}},"line":29},"3":{"name":"(anonymous_3)","decl":{"start":{"line":39,"column":46},"end":{"line":39,"column":47}},"loc":{"start":{"line":39,"column":69},"end":{"line":43,"column":13}},"line":39},"4":{"name":"(anonymous_4)","decl":{"start":{"line":47,"column":11},"end":{"line":47,"column":12}},"loc":{"start":{"line":47,"column":18},"end":{"line":50,"column":5}},"line":47},"5":{"name":"(anonymous_5)","decl":{"start":{"line":54,"column":17},"end":{"line":54,"column":18}},"loc":{"start":{"line":54,"column":29},"end":{"line":106,"column":1}},"line":54},"6":{"name":"(anonymous_6)","decl":{"start":{"line":57,"column":43},"end":{"line":57,"column":44}},"loc":{"start":{"line":57,"column":63},"end":{"line":82,"column":5}},"line":57},"7":{"name":"(anonymous_7)","decl":{"start":{"line":68,"column":22},"end":{"line":68,"column":23}},"loc":{"start":{"line":68,"column":35},"end":{"line":72,"column":17}},"line":68},"8":{"name":"(anonymous_8)","decl":{"start":{"line":73,"column":23},"end":{"line":73,"column":24}},"loc":{"start":{"line":73,"column":32},"end":{"line":76,"column":17}},"line":73}},"branchMap":{"0":{"loc":{"start":{"line":40,"column":16},"end":{"line":42,"column":17}},"type":"if","locations":[{"start":{"line":40,"column":16},"end":{"line":42,"column":17}},{"start":{"line":40,"column":16},"end":{"line":42,"column":17}}],"line":40},"1":{"loc":{"start":{"line":48,"column":8},"end":{"line":49,"column":29}},"type":"if","locations":[{"start":{"line":48,"column":8},"end":{"line":49,"column":29}},{"start":{"line":48,"column":8},"end":{"line":49,"column":29}}],"line":48},"2":{"loc":{"start":{"line":58,"column":8},"end":{"line":81,"column":9}},"type":"if","locations":[{"start":{"line":58,"column":8},"end":{"line":81,"column":9}},{"start":{"line":58,"column":8},"end":{"line":81,"column":9}}],"line":58},"3":{"loc":{"start":{"line":58,"column":12},"end":{"line":58,"column":47}},"type":"binary-expr","locations":[{"start":{"line":58,"column":12},"end":{"line":58,"column":22}},{"start":{"line":58,"column":26},"end":{"line":58,"column":47}}],"line":58}},"s":{"0":1,"1":1,"2":1,"3":1,"4":1,"5":1,"6":1,"7":1,"8":1,"9":0,"10":0,"11":0,"12":0,"13":0,"14":0,"15":0,"16":0,"17":0,"18":0,"19":1,"20":1,"21":1,"22":0,"23":0,"24":0,"25":0,"26":0,"27":0,"28":0,"29":0,"30":0,"31":1,"32":1,"33":1},"f":{"0":0,"1":0,"2":0,"3":0,"4":0,"5":1,"6":0,"7":0,"8":0},"b":{"0":[0,0],"1":[0,0],"2":[0,0],"3":[0,0]},"_coverageSchema":"1a1c01bbd47fc00a2c39e90264f33305004495a9","hash":"3723112e20d4c62a596d462b38384007e3273ff7"}
,"C:\\Users\\giosue\\Desktop\\POLITO\\SE2\\DemoProject\\server\\controllers\\teaching_loads.js": {"path":"C:\\Users\\giosue\\Desktop\\POLITO\\SE2\\DemoProject\\server\\controllers\\teaching_loads.js","statementMap":{"0":{"start":{"line":1,"column":14},"end":{"line":1,"column":32}},"1":{"start":{"line":2,"column":13},"end":{"line":2,"column":29}},"2":{"start":{"line":3,"column":13},"end":{"line":3,"column":35}},"3":{"start":{"line":4,"column":9},"end":{"line":4,"column":35}},"4":{"start":{"line":5,"column":11},"end":{"line":5,"column":26}},"5":{"start":{"line":18,"column":0},"end":{"line":101,"column":1}},"6":{"start":{"line":21,"column":4},"end":{"line":48,"column":6}},"7":{"start":{"line":24,"column":8},"end":{"line":46,"column":9}},"8":{"start":{"line":25,"column":12},"end":{"line":41,"column":14}},"9":{"start":{"line":36,"column":16},"end":{"line":36,"column":54}},"10":{"start":{"line":39,"column":16},"end":{"line":39,"column":33}},"11":{"start":{"line":40,"column":16},"end":{"line":40,"column":38}},"12":{"start":{"line":44,"column":12},"end":{"line":44,"column":73}},"13":{"start":{"line":45,"column":12},"end":{"line":45,"column":34}},"14":{"start":{"line":51,"column":4},"end":{"line":82,"column":6}},"15":{"start":{"line":54,"column":8},"end":{"line":80,"column":9}},"16":{"start":{"line":55,"column":12},"end":{"line":75,"column":14}},"17":{"start":{"line":70,"column":16},"end":{"line":70,"column":54}},"18":{"start":{"line":73,"column":16},"end":{"line":73,"column":33}},"19":{"start":{"line":74,"column":16},"end":{"line":74,"column":38}},"20":{"start":{"line":78,"column":12},"end":{"line":78,"column":73}},"21":{"start":{"line":79,"column":12},"end":{"line":79,"column":34}},"22":{"start":{"line":85,"column":4},"end":{"line":88,"column":7}},"23":{"start":{"line":91,"column":32},"end":{"line":98,"column":6}},"24":{"start":{"line":100,"column":4},"end":{"line":100,"column":18}}},"fnMap":{"0":{"name":"(anonymous_0)","decl":{"start":{"line":18,"column":17},"end":{"line":18,"column":18}},"loc":{"start":{"line":18,"column":29},"end":{"line":101,"column":1}},"line":18},"1":{"name":"(anonymous_1)","decl":{"start":{"line":21,"column":37},"end":{"line":21,"column":38}},"loc":{"start":{"line":21,"column":57},"end":{"line":48,"column":5}},"line":21},"2":{"name":"(anonymous_2)","decl":{"start":{"line":34,"column":18},"end":{"line":34,"column":19}},"loc":{"start":{"line":34,"column":31},"end":{"line":37,"column":13}},"line":34},"3":{"name":"(anonymous_3)","decl":{"start":{"line":38,"column":19},"end":{"line":38,"column":20}},"loc":{"start":{"line":38,"column":28},"end":{"line":41,"column":13}},"line":38},"4":{"name":"(anonymous_4)","decl":{"start":{"line":51,"column":46},"end":{"line":51,"column":47}},"loc":{"start":{"line":51,"column":66},"end":{"line":82,"column":5}},"line":51},"5":{"name":"(anonymous_5)","decl":{"start":{"line":68,"column":18},"end":{"line":68,"column":19}},"loc":{"start":{"line":68,"column":31},"end":{"line":71,"column":13}},"line":68},"6":{"name":"(anonymous_6)","decl":{"start":{"line":72,"column":19},"end":{"line":72,"column":20}},"loc":{"start":{"line":72,"column":28},"end":{"line":75,"column":13}},"line":72}},"branchMap":{"0":{"loc":{"start":{"line":24,"column":8},"end":{"line":46,"column":9}},"type":"if","locations":[{"start":{"line":24,"column":8},"end":{"line":46,"column":9}},{"start":{"line":24,"column":8},"end":{"line":46,"column":9}}],"line":24},"1":{"loc":{"start":{"line":24,"column":12},"end":{"line":24,"column":44}},"type":"binary-expr","locations":[{"start":{"line":24,"column":12},"end":{"line":24,"column":22}},{"start":{"line":24,"column":26},"end":{"line":24,"column":44}}],"line":24},"2":{"loc":{"start":{"line":54,"column":8},"end":{"line":80,"column":9}},"type":"if","locations":[{"start":{"line":54,"column":8},"end":{"line":80,"column":9}},{"start":{"line":54,"column":8},"end":{"line":80,"column":9}}],"line":54},"3":{"loc":{"start":{"line":54,"column":12},"end":{"line":54,"column":44}},"type":"binary-expr","locations":[{"start":{"line":54,"column":12},"end":{"line":54,"column":22}},{"start":{"line":54,"column":26},"end":{"line":54,"column":44}}],"line":54}},"s":{"0":1,"1":1,"2":1,"3":1,"4":1,"5":1,"6":1,"7":0,"8":0,"9":0,"10":0,"11":0,"12":0,"13":0,"14":1,"15":0,"16":0,"17":0,"18":0,"19":0,"20":0,"21":0,"22":1,"23":1,"24":1},"f":{"0":1,"1":0,"2":0,"3":0,"4":0,"5":0,"6":0},"b":{"0":[0,0],"1":[0,0],"2":[0,0],"3":[0,0]},"_coverageSchema":"1a1c01bbd47fc00a2c39e90264f33305004495a9","hash":"b8f020f1b75ce5aba2a0ab73fcfdd7af182fd3f0"}
,"C:\\Users\\giosue\\Desktop\\POLITO\\SE2\\DemoProject\\server\\controllers\\users.js": {"path":"C:\\Users\\giosue\\Desktop\\POLITO\\SE2\\DemoProject\\server\\controllers\\users.js","statementMap":{"0":{"start":{"line":1,"column":14},"end":{"line":1,"column":32}},"1":{"start":{"line":2,"column":13},"end":{"line":2,"column":29}},"2":{"start":{"line":3,"column":13},"end":{"line":3,"column":35}},"3":{"start":{"line":4,"column":9},"end":{"line":4,"column":35}},"4":{"start":{"line":5,"column":11},"end":{"line":5,"column":26}},"5":{"start":{"line":16,"column":0},"end":{"line":34,"column":1}},"6":{"start":{"line":19,"column":4},"end":{"line":22,"column":7}},"7":{"start":{"line":25,"column":23},"end":{"line":31,"column":6}},"8":{"start":{"line":33,"column":4},"end":{"line":33,"column":18}}},"fnMap":{"0":{"name":"(anonymous_0)","decl":{"start":{"line":16,"column":17},"end":{"line":16,"column":18}},"loc":{"start":{"line":16,"column":29},"end":{"line":34,"column":1}},"line":16}},"branchMap":{},"s":{"0":1,"1":1,"2":1,"3":1,"4":1,"5":1,"6":1,"7":1,"8":1},"f":{"0":1},"b":{},"_coverageSchema":"1a1c01bbd47fc00a2c39e90264f33305004495a9","hash":"9d82deb1f147309f06b726d66f1850ccc72e4ab1"}
,"C:\\Users\\giosue\\Desktop\\POLITO\\SE2\\DemoProject\\server\\helpers\\email.js": {"path":"C:\\Users\\giosue\\Desktop\\POLITO\\SE2\\DemoProject\\server\\helpers\\email.js","statementMap":{"0":{"start":{"line":1,"column":17},"end":{"line":1,"column":38}},"1":{"start":{"line":4,"column":18},"end":{"line":14,"column":2}},"2":{"start":{"line":16,"column":0},"end":{"line":16,"column":29}}},"fnMap":{},"branchMap":{},"s":{"0":1,"1":1,"2":1},"f":{},"b":{},"_coverageSchema":"1a1c01bbd47fc00a2c39e90264f33305004495a9","hash":"100f7d63652e65b162626fa6fb013f911276c2e0"}
,"C:\\Users\\giosue\\Desktop\\POLITO\\SE2\\DemoProject\\server\\helpers\\events.js": {"path":"C:\\Users\\giosue\\Desktop\\POLITO\\SE2\\DemoProject\\server\\helpers\\events.js","statementMap":{"0":{"start":{"line":3,"column":13},"end":{"line":3,"column":30}},"1":{"start":{"line":7,"column":4},"end":{"line":8,"column":49}},"2":{"start":{"line":8,"column":8},"end":{"line":8,"column":49}},"3":{"start":{"line":9,"column":4},"end":{"line":9,"column":24}},"4":{"start":{"line":11,"column":0},"end":{"line":11,"column":36}}},"fnMap":{"0":{"name":"createEventEmitter","decl":{"start":{"line":6,"column":9},"end":{"line":6,"column":27}},"loc":{"start":{"line":6,"column":30},"end":{"line":10,"column":1}},"line":6}},"branchMap":{"0":{"loc":{"start":{"line":7,"column":4},"end":{"line":8,"column":49}},"type":"if","locations":[{"start":{"line":7,"column":4},"end":{"line":8,"column":49}},{"start":{"line":7,"column":4},"end":{"line":8,"column":49}}],"line":7}},"s":{"0":1,"1":0,"2":0,"3":0,"4":1},"f":{"0":0},"b":{"0":[0,0]},"_coverageSchema":"1a1c01bbd47fc00a2c39e90264f33305004495a9","hash":"5f028596d49c09b5ba44cc4274df5477b2309aa4"}
,"C:\\Users\\giosue\\Desktop\\POLITO\\SE2\\DemoProject\\server\\helpers\\socketIo.js": {"path":"C:\\Users\\giosue\\Desktop\\POLITO\\SE2\\DemoProject\\server\\helpers\\socketIo.js","statementMap":{"0":{"start":{"line":3,"column":0},"end":{"line":7,"column":1}},"1":{"start":{"line":4,"column":4},"end":{"line":5,"column":52}},"2":{"start":{"line":5,"column":8},"end":{"line":5,"column":52}},"3":{"start":{"line":6,"column":4},"end":{"line":6,"column":30}}},"fnMap":{"0":{"name":"(anonymous_0)","decl":{"start":{"line":3,"column":17},"end":{"line":3,"column":18}},"loc":{"start":{"line":3,"column":29},"end":{"line":7,"column":1}},"line":3}},"branchMap":{"0":{"loc":{"start":{"line":4,"column":4},"end":{"line":5,"column":52}},"type":"if","locations":[{"start":{"line":4,"column":4},"end":{"line":5,"column":52}},{"start":{"line":4,"column":4},"end":{"line":5,"column":52}}],"line":4}},"s":{"0":1,"1":2,"2":1,"3":2},"f":{"0":2},"b":{"0":[1,1]},"_coverageSchema":"1a1c01bbd47fc00a2c39e90264f33305004495a9","hash":"87165122ec0e5097c71b5d1c68c1097785ae0132"}
,"C:\\Users\\giosue\\Desktop\\POLITO\\SE2\\DemoProject\\server\\models\\bookings.js": {"path":"C:\\Users\\giosue\\Desktop\\POLITO\\SE2\\DemoProject\\server\\models\\bookings.js","statementMap":{"0":{"start":{"line":2,"column":0},"end":{"line":11,"column":1}},"1":{"start":{"line":3,"column":18},"end":{"line":4,"column":6}},"2":{"start":{"line":6,"column":4},"end":{"line":9,"column":5}},"3":{"start":{"line":7,"column":8},"end":{"line":7,"column":56}},"4":{"start":{"line":8,"column":8},"end":{"line":8,"column":62}},"5":{"start":{"line":10,"column":4},"end":{"line":10,"column":19}}},"fnMap":{"0":{"name":"(anonymous_0)","decl":{"start":{"line":2,"column":17},"end":{"line":2,"column":18}},"loc":{"start":{"line":2,"column":49},"end":{"line":11,"column":1}},"line":2},"1":{"name":"(anonymous_1)","decl":{"start":{"line":6,"column":24},"end":{"line":6,"column":25}},"loc":{"start":{"line":6,"column":42},"end":{"line":9,"column":5}},"line":6}},"branchMap":{},"s":{"0":1,"1":1,"2":1,"3":1,"4":1,"5":1},"f":{"0":1,"1":1},"b":{},"_coverageSchema":"1a1c01bbd47fc00a2c39e90264f33305004495a9","hash":"6f7ddcd62593bb35d49b7f3962c267f0b23e9a18"}
,"C:\\Users\\giosue\\Desktop\\POLITO\\SE2\\DemoProject\\server\\models\\index.js": {"path":"C:\\Users\\giosue\\Desktop\\POLITO\\SE2\\DemoProject\\server\\models\\index.js","statementMap":{"0":{"start":{"line":1,"column":9},"end":{"line":1,"column":22}},"1":{"start":{"line":2,"column":11},"end":{"line":2,"column":26}},"2":{"start":{"line":3,"column":16},"end":{"line":3,"column":36}},"3":{"start":{"line":4,"column":13},"end":{"line":4,"column":48}},"4":{"start":{"line":5,"column":14},"end":{"line":5,"column":42}},"5":{"start":{"line":7,"column":0},"end":{"line":8,"column":52}},"6":{"start":{"line":8,"column":4},"end":{"line":8,"column":52}},"7":{"start":{"line":10,"column":16},"end":{"line":23,"column":2}},"8":{"start":{"line":25,"column":9},"end":{"line":25,"column":11}},"9":{"start":{"line":41,"column":0},"end":{"line":49,"column":7}},"10":{"start":{"line":44,"column":8},"end":{"line":44,"column":66}},"11":{"start":{"line":47,"column":20},"end":{"line":47,"column":64}},"12":{"start":{"line":48,"column":8},"end":{"line":48,"column":31}},"13":{"start":{"line":51,"column":0},"end":{"line":55,"column":3}},"14":{"start":{"line":52,"column":4},"end":{"line":54,"column":5}},"15":{"start":{"line":53,"column":8},"end":{"line":53,"column":36}},"16":{"start":{"line":58,"column":0},"end":{"line":58,"column":32}},"17":{"start":{"line":72,"column":0},"end":{"line":72,"column":25}},"18":{"start":{"line":73,"column":0},"end":{"line":73,"column":25}},"19":{"start":{"line":75,"column":0},"end":{"line":75,"column":20}}},"fnMap":{"0":{"name":"(anonymous_0)","decl":{"start":{"line":43,"column":12},"end":{"line":43,"column":13}},"loc":{"start":{"line":43,"column":28},"end":{"line":45,"column":5}},"line":43},"1":{"name":"(anonymous_1)","decl":{"start":{"line":46,"column":13},"end":{"line":46,"column":14}},"loc":{"start":{"line":46,"column":29},"end":{"line":49,"column":5}},"line":46},"2":{"name":"(anonymous_2)","decl":{"start":{"line":51,"column":24},"end":{"line":51,"column":25}},"loc":{"start":{"line":51,"column":45},"end":{"line":55,"column":1}},"line":51},"3":{"name":"(anonymous_3)","decl":{"start":{"line":58,"column":22},"end":{"line":58,"column":23}},"loc":{"start":{"line":58,"column":28},"end":{"line":58,"column":31}},"line":58}},"branchMap":{"0":{"loc":{"start":{"line":7,"column":0},"end":{"line":8,"column":52}},"type":"if","locations":[{"start":{"line":7,"column":0},"end":{"line":8,"column":52}},{"start":{"line":7,"column":0},"end":{"line":8,"column":52}}],"line":7},"1":{"loc":{"start":{"line":7,"column":4},"end":{"line":7,"column":58}},"type":"binary-expr","locations":[{"start":{"line":7,"column":4},"end":{"line":7,"column":24}},{"start":{"line":7,"column":28},"end":{"line":7,"column":58}}],"line":7},"2":{"loc":{"start":{"line":44,"column":15},"end":{"line":44,"column":65}},"type":"binary-expr","locations":[{"start":{"line":44,"column":16},"end":{"line":44,"column":39}},{"start":{"line":44,"column":45},"end":{"line":44,"column":64}}],"line":44},"3":{"loc":{"start":{"line":52,"column":4},"end":{"line":54,"column":5}},"type":"if","locations":[{"start":{"line":52,"column":4},"end":{"line":54,"column":5}},{"start":{"line":52,"column":4},"end":{"line":54,"column":5}}],"line":52}},"s":{"0":1,"1":1,"2":1,"3":1,"4":1,"5":1,"6":1,"7":1,"8":1,"9":1,"10":7,"11":6,"12":6,"13":1,"14":6,"15":6,"16":1,"17":1,"18":1,"19":1},"f":{"0":7,"1":6,"2":6,"3":1},"b":{"0":[1,0],"1":[1,1],"2":[7,7],"3":[6,0]},"_coverageSchema":"1a1c01bbd47fc00a2c39e90264f33305004495a9","hash":"dc8bbfaa8e74e670c486888f3a9df596575f3b56"}
,"C:\\Users\\giosue\\Desktop\\POLITO\\SE2\\DemoProject\\server\\models\\lectures.js": {"path":"C:\\Users\\giosue\\Desktop\\POLITO\\SE2\\DemoProject\\server\\models\\lectures.js","statementMap":{"0":{"start":{"line":2,"column":0},"end":{"line":16,"column":1}},"1":{"start":{"line":3,"column":18},"end":{"line":9,"column":6}},"2":{"start":{"line":11,"column":4},"end":{"line":14,"column":5}},"3":{"start":{"line":12,"column":8},"end":{"line":12,"column":62}},"4":{"start":{"line":13,"column":8},"end":{"line":13,"column":93}},"5":{"start":{"line":15,"column":4},"end":{"line":15,"column":19}}},"fnMap":{"0":{"name":"(anonymous_0)","decl":{"start":{"line":2,"column":17},"end":{"line":2,"column":18}},"loc":{"start":{"line":2,"column":49},"end":{"line":16,"column":1}},"line":2},"1":{"name":"(anonymous_1)","decl":{"start":{"line":11,"column":24},"end":{"line":11,"column":25}},"loc":{"start":{"line":11,"column":42},"end":{"line":14,"column":5}},"line":11}},"branchMap":{"0":{"loc":{"start":{"line":8,"column":18},"end":{"line":8,"column":61}},"type":"cond-expr","locations":[{"start":{"line":8,"column":49},"end":{"line":8,"column":54}},{"start":{"line":8,"column":57},"end":{"line":8,"column":61}}],"line":8}},"s":{"0":1,"1":1,"2":1,"3":1,"4":1,"5":1},"f":{"0":1,"1":1},"b":{"0":[1,0]},"_coverageSchema":"1a1c01bbd47fc00a2c39e90264f33305004495a9","hash":"0ea28c4b4b2f0dd6f0d2602b2a72dc061c1ad965"}
,"C:\\Users\\giosue\\Desktop\\POLITO\\SE2\\DemoProject\\server\\models\\roles.js": {"path":"C:\\Users\\giosue\\Desktop\\POLITO\\SE2\\DemoProject\\server\\models\\roles.js","statementMap":{"0":{"start":{"line":2,"column":0},"end":{"line":16,"column":1}},"1":{"start":{"line":3,"column":15},"end":{"line":10,"column":6}},"2":{"start":{"line":12,"column":4},"end":{"line":14,"column":5}},"3":{"start":{"line":13,"column":8},"end":{"line":13,"column":52}},"4":{"start":{"line":15,"column":4},"end":{"line":15,"column":16}}},"fnMap":{"0":{"name":"(anonymous_0)","decl":{"start":{"line":2,"column":17},"end":{"line":2,"column":18}},"loc":{"start":{"line":2,"column":49},"end":{"line":16,"column":1}},"line":2},"1":{"name":"(anonymous_1)","decl":{"start":{"line":12,"column":21},"end":{"line":12,"column":22}},"loc":{"start":{"line":12,"column":39},"end":{"line":14,"column":5}},"line":12}},"branchMap":{},"s":{"0":1,"1":1,"2":1,"3":1,"4":1},"f":{"0":1,"1":1},"b":{},"_coverageSchema":"1a1c01bbd47fc00a2c39e90264f33305004495a9","hash":"83878e64d8bfe00e085ce77ef70ab3aeb51866d8"}
,"C:\\Users\\giosue\\Desktop\\POLITO\\SE2\\DemoProject\\server\\models\\subjects.js": {"path":"C:\\Users\\giosue\\Desktop\\POLITO\\SE2\\DemoProject\\server\\models\\subjects.js","statementMap":{"0":{"start":{"line":2,"column":0},"end":{"line":17,"column":1}},"1":{"start":{"line":3,"column":18},"end":{"line":9,"column":6}},"2":{"start":{"line":11,"column":4},"end":{"line":15,"column":5}},"3":{"start":{"line":12,"column":8},"end":{"line":12,"column":59}},"4":{"start":{"line":13,"column":8},"end":{"line":13,"column":75}},"5":{"start":{"line":14,"column":8},"end":{"line":14,"column":59}},"6":{"start":{"line":16,"column":4},"end":{"line":16,"column":19}}},"fnMap":{"0":{"name":"(anonymous_0)","decl":{"start":{"line":2,"column":17},"end":{"line":2,"column":18}},"loc":{"start":{"line":2,"column":49},"end":{"line":17,"column":1}},"line":2},"1":{"name":"(anonymous_1)","decl":{"start":{"line":11,"column":24},"end":{"line":11,"column":25}},"loc":{"start":{"line":11,"column":42},"end":{"line":15,"column":5}},"line":11}},"branchMap":{},"s":{"0":1,"1":1,"2":1,"3":1,"4":1,"5":1,"6":1},"f":{"0":1,"1":1},"b":{},"_coverageSchema":"1a1c01bbd47fc00a2c39e90264f33305004495a9","hash":"f728990333d59118037342dd930e0cab393fcd15"}
,"C:\\Users\\giosue\\Desktop\\POLITO\\SE2\\DemoProject\\server\\models\\teaching_loads.js": {"path":"C:\\Users\\giosue\\Desktop\\POLITO\\SE2\\DemoProject\\server\\models\\teaching_loads.js","statementMap":{"0":{"start":{"line":2,"column":0},"end":{"line":11,"column":1}},"1":{"start":{"line":3,"column":24},"end":{"line":4,"column":6}},"2":{"start":{"line":6,"column":4},"end":{"line":9,"column":5}},"3":{"start":{"line":7,"column":8},"end":{"line":7,"column":62}},"4":{"start":{"line":8,"column":8},"end":{"line":8,"column":68}},"5":{"start":{"line":10,"column":4},"end":{"line":10,"column":25}}},"fnMap":{"0":{"name":"(anonymous_0)","decl":{"start":{"line":2,"column":17},"end":{"line":2,"column":18}},"loc":{"start":{"line":2,"column":49},"end":{"line":11,"column":1}},"line":2},"1":{"name":"(anonymous_1)","decl":{"start":{"line":6,"column":30},"end":{"line":6,"column":31}},"loc":{"start":{"line":6,"column":48},"end":{"line":9,"column":5}},"line":6}},"branchMap":{},"s":{"0":1,"1":1,"2":1,"3":1,"4":1,"5":1},"f":{"0":1,"1":1},"b":{},"_coverageSchema":"1a1c01bbd47fc00a2c39e90264f33305004495a9","hash":"a1e65190998d4ce541c48d9e107252a2dee3bc0d"}
,"C:\\Users\\giosue\\Desktop\\POLITO\\SE2\\DemoProject\\server\\models\\users.js": {"path":"C:\\Users\\giosue\\Desktop\\POLITO\\SE2\\DemoProject\\server\\models\\users.js","statementMap":{"0":{"start":{"line":1,"column":0},"end":{"line":29,"column":1}},"1":{"start":{"line":2,"column":15},"end":{"line":12,"column":6}},"2":{"start":{"line":14,"column":4},"end":{"line":18,"column":5}},"3":{"start":{"line":15,"column":8},"end":{"line":15,"column":53}},"4":{"start":{"line":16,"column":8},"end":{"line":16,"column":75}},"5":{"start":{"line":17,"column":8},"end":{"line":17,"column":69}},"6":{"start":{"line":28,"column":4},"end":{"line":28,"column":16}}},"fnMap":{"0":{"name":"(anonymous_0)","decl":{"start":{"line":1,"column":17},"end":{"line":1,"column":18}},"loc":{"start":{"line":1,"column":49},"end":{"line":29,"column":1}},"line":1},"1":{"name":"(anonymous_1)","decl":{"start":{"line":14,"column":21},"end":{"line":14,"column":22}},"loc":{"start":{"line":14,"column":39},"end":{"line":18,"column":5}},"line":14}},"branchMap":{"0":{"loc":{"start":{"line":11,"column":18},"end":{"line":11,"column":61}},"type":"cond-expr","locations":[{"start":{"line":11,"column":49},"end":{"line":11,"column":54}},{"start":{"line":11,"column":57},"end":{"line":11,"column":61}}],"line":11}},"s":{"0":1,"1":1,"2":1,"3":1,"4":1,"5":1,"6":1},"f":{"0":1,"1":1},"b":{"0":[1,0]},"_coverageSchema":"1a1c01bbd47fc00a2c39e90264f33305004495a9","hash":"cd6a04aaf39ce98fc2e4a806b92750512d655a20"}
}
